<?xml version="1.0" encoding="UTF-8"?>
<testsuites>
  <testsuite name="" tests="64" assertions="126" errors="2" failures="7" skipped="0" time="9.457463">
    <testsuite name="Unit" tests="30" assertions="30" errors="0" failures="0" skipped="0" time="4.199446">
      <testsuite name="Tests\Unit\GetEstadoSolicitudTest" file="C:\laragon\www\sigepe\tests\Unit\insumo\GetEstadoSolicitudTest.php" tests="2" assertions="2" errors="0" failures="0" skipped="0" time="0.678338">
        <testcase name="testGetEstadoSolicitudInsumoIsAprobado" class="Tests\Unit\GetEstadoSolicitudTest" classname="Tests.Unit.GetEstadoSolicitudTest" file="C:\laragon\www\sigepe\tests\Unit\insumo\GetEstadoSolicitudTest.php" line="18" assertions="1" time="0.514646"/>
        <testcase name="testGetEstadoSolicitudInsumoSinSolicitud" class="Tests\Unit\GetEstadoSolicitudTest" classname="Tests.Unit.GetEstadoSolicitudTest" file="C:\laragon\www\sigepe\tests\Unit\insumo\GetEstadoSolicitudTest.php" line="41" assertions="1" time="0.163692"/>
      </testsuite>
      <testsuite name="Tests\Unit\insumo\GetModelByInsumoTest" file="C:\laragon\www\sigepe\tests\Unit\insumo\GetModelByInsumoTest.php" tests="3" assertions="3" errors="0" failures="0" skipped="0" time="0.143872">
        <testcase name="testGetProductsByInsumo" class="Tests\Unit\insumo\GetModelByInsumoTest" classname="Tests.Unit.insumo.GetModelByInsumoTest" file="C:\laragon\www\sigepe\tests\Unit\insumo\GetModelByInsumoTest.php" line="18" assertions="1" time="0.037630"/>
        <testcase name="testGetProveedoresByInsumo" class="Tests\Unit\insumo\GetModelByInsumoTest" classname="Tests.Unit.insumo.GetModelByInsumoTest" file="C:\laragon\www\sigepe\tests\Unit\insumo\GetModelByInsumoTest.php" line="33" assertions="1" time="0.032666"/>
        <testcase name="testGetPivotByInsumo" class="Tests\Unit\insumo\GetModelByInsumoTest" classname="Tests.Unit.insumo.GetModelByInsumoTest" file="C:\laragon\www\sigepe\tests\Unit\insumo\GetModelByInsumoTest.php" line="48" assertions="1" time="0.073576"/>
      </testsuite>
      <testsuite name="Tests\Unit\insumo\GetMontoSolicitadoTest" file="C:\laragon\www\sigepe\tests\Unit\insumo\GetMontoSolicitadoTest.php" tests="1" assertions="1" errors="0" failures="0" skipped="0" time="0.154562">
        <testcase name="testGetMontoSolicitado" class="Tests\Unit\insumo\GetMontoSolicitadoTest" classname="Tests.Unit.insumo.GetMontoSolicitadoTest" file="C:\laragon\www\sigepe\tests\Unit\insumo\GetMontoSolicitadoTest.php" line="18" assertions="1" time="0.154562"/>
      </testsuite>
      <testsuite name="Tests\Unit\GetUnidadMedidaInsumodTest" file="C:\laragon\www\sigepe\tests\Unit\insumo\GetUnidadMedidaInsumodTest.php" tests="4" assertions="4" errors="0" failures="0" skipped="0" time="0.117875">
        <testcase name="testGetUnidadMedidaInsumoIsUnidad" class="Tests\Unit\GetUnidadMedidaInsumodTest" classname="Tests.Unit.GetUnidadMedidaInsumodTest" file="C:\laragon\www\sigepe\tests\Unit\insumo\GetUnidadMedidaInsumodTest.php" line="17" assertions="1" time="0.025618"/>
        <testcase name="testGetUnidadMedidaInsumoIsToneladas" class="Tests\Unit\GetUnidadMedidaInsumodTest" classname="Tests.Unit.GetUnidadMedidaInsumodTest" file="C:\laragon\www\sigepe\tests\Unit\insumo\GetUnidadMedidaInsumodTest.php" line="29" assertions="1" time="0.025320"/>
        <testcase name="testGetUnidadMedidaInsumoIsPulgadas" class="Tests\Unit\GetUnidadMedidaInsumodTest" classname="Tests.Unit.GetUnidadMedidaInsumodTest" file="C:\laragon\www\sigepe\tests\Unit\insumo\GetUnidadMedidaInsumodTest.php" line="41" assertions="1" time="0.036743"/>
        <testcase name="testGetUnidadMedidaInsumoIsMetros" class="Tests\Unit\GetUnidadMedidaInsumodTest" classname="Tests.Unit.GetUnidadMedidaInsumodTest" file="C:\laragon\www\sigepe\tests\Unit\insumo\GetUnidadMedidaInsumodTest.php" line="53" assertions="1" time="0.030194"/>
      </testsuite>
      <testsuite name="Tests\Unit\pedido\GetEstadoActualPedidoTest" file="C:\laragon\www\sigepe\tests\Unit\pedido\GetEstadoActualPedidoTest.php" tests="6" assertions="6" errors="0" failures="0" skipped="0" time="1.267864">
        <testcase name="testGetEstadoPedidoIsEnEspera" class="Tests\Unit\pedido\GetEstadoActualPedidoTest" classname="Tests.Unit.pedido.GetEstadoActualPedidoTest" file="C:\laragon\www\sigepe\tests\Unit\pedido\GetEstadoActualPedidoTest.php" line="27" assertions="1" time="0.208979"/>
        <testcase name="testGetEstadoPedidoIsAprobado" class="Tests\Unit\pedido\GetEstadoActualPedidoTest" classname="Tests.Unit.pedido.GetEstadoActualPedidoTest" file="C:\laragon\www\sigepe\tests\Unit\pedido\GetEstadoActualPedidoTest.php" line="39" assertions="1" time="0.156521"/>
        <testcase name="testGetEstadoPedidoIsRechazado" class="Tests\Unit\pedido\GetEstadoActualPedidoTest" classname="Tests.Unit.pedido.GetEstadoActualPedidoTest" file="C:\laragon\www\sigepe\tests\Unit\pedido\GetEstadoActualPedidoTest.php" line="51" assertions="1" time="0.104683"/>
        <testcase name="testGetEstadoPedidoIsEsperando" class="Tests\Unit\pedido\GetEstadoActualPedidoTest" classname="Tests.Unit.pedido.GetEstadoActualPedidoTest" file="C:\laragon\www\sigepe\tests\Unit\pedido\GetEstadoActualPedidoTest.php" line="63" assertions="1" time="0.193541"/>
        <testcase name="testGetEstadoPedidoIsEnEjecucion" class="Tests\Unit\pedido\GetEstadoActualPedidoTest" classname="Tests.Unit.pedido.GetEstadoActualPedidoTest" file="C:\laragon\www\sigepe\tests\Unit\pedido\GetEstadoActualPedidoTest.php" line="74" assertions="1" time="0.234070"/>
        <testcase name="testGetEstadoPedidoIsEnTerminado" class="Tests\Unit\pedido\GetEstadoActualPedidoTest" classname="Tests.Unit.pedido.GetEstadoActualPedidoTest" file="C:\laragon\www\sigepe\tests\Unit\pedido\GetEstadoActualPedidoTest.php" line="86" assertions="1" time="0.370070"/>
      </testsuite>
      <testsuite name="Tests\Unit\pedido\GetEstadoSiguientePedidoTest" file="C:\laragon\www\sigepe\tests\Unit\pedido\GetEstadoSiguientePedidoTest.php" tests="4" assertions="4" errors="0" failures="0" skipped="0" time="1.198459">
        <testcase name="testGetNextEstadoPedidoIsAprobar" class="Tests\Unit\pedido\GetEstadoSiguientePedidoTest" classname="Tests.Unit.pedido.GetEstadoSiguientePedidoTest" file="C:\laragon\www\sigepe\tests\Unit\pedido\GetEstadoSiguientePedidoTest.php" line="24" assertions="1" time="0.136215"/>
        <testcase name="testGetNextEstadoPedidoIsEjecutar" class="Tests\Unit\pedido\GetEstadoSiguientePedidoTest" classname="Tests.Unit.pedido.GetEstadoSiguientePedidoTest" file="C:\laragon\www\sigepe\tests\Unit\pedido\GetEstadoSiguientePedidoTest.php" line="36" assertions="1" time="0.231256"/>
        <testcase name="testGetNextEstadoPedidoIsAprobar2" class="Tests\Unit\pedido\GetEstadoSiguientePedidoTest" classname="Tests.Unit.pedido.GetEstadoSiguientePedidoTest" file="C:\laragon\www\sigepe\tests\Unit\pedido\GetEstadoSiguientePedidoTest.php" line="48" assertions="1" time="0.522907"/>
        <testcase name="testGetNextEstadoPedidoIsTerminar" class="Tests\Unit\pedido\GetEstadoSiguientePedidoTest" classname="Tests.Unit.pedido.GetEstadoSiguientePedidoTest" file="C:\laragon\www\sigepe\tests\Unit\pedido\GetEstadoSiguientePedidoTest.php" line="60" assertions="1" time="0.308081"/>
      </testsuite>
      <testsuite name="Tests\Unit\pedido\GetNewCodigoPedidoTest" file="C:\laragon\www\sigepe\tests\Unit\pedido\GetNewCodigoPedidoTest.php" tests="3" assertions="3" errors="0" failures="0" skipped="0" time="0.099886">
        <testcase name="testGetNewCodigoPedidoOneDigit" class="Tests\Unit\pedido\GetNewCodigoPedidoTest" classname="Tests.Unit.pedido.GetNewCodigoPedidoTest" file="C:\laragon\www\sigepe\tests\Unit\pedido\GetNewCodigoPedidoTest.php" line="17" assertions="1" time="0.024137"/>
        <testcase name="testGetNewCodigoPedidoThreeDigit" class="Tests\Unit\pedido\GetNewCodigoPedidoTest" classname="Tests.Unit.pedido.GetNewCodigoPedidoTest" file="C:\laragon\www\sigepe\tests\Unit\pedido\GetNewCodigoPedidoTest.php" line="30" assertions="1" time="0.044682"/>
        <testcase name="testGetNewCodigoPedidoSixDigit" class="Tests\Unit\pedido\GetNewCodigoPedidoTest" classname="Tests.Unit.pedido.GetNewCodigoPedidoTest" file="C:\laragon\www\sigepe\tests\Unit\pedido\GetNewCodigoPedidoTest.php" line="43" assertions="1" time="0.031067"/>
      </testsuite>
      <testsuite name="Tests\Unit\pedido\GetXEstadoPedidoTest" file="C:\laragon\www\sigepe\tests\Unit\pedido\GetXEstadoPedidoTest.php" tests="5" assertions="5" errors="0" failures="0" skipped="0" time="0.151662">
        <testcase name="testPedidoIsAprobed" class="Tests\Unit\pedido\GetXEstadoPedidoTest" classname="Tests.Unit.pedido.GetXEstadoPedidoTest" file="C:\laragon\www\sigepe\tests\Unit\pedido\GetXEstadoPedidoTest.php" line="17" assertions="1" time="0.028461"/>
        <testcase name="testPedidoIsRejected" class="Tests\Unit\pedido\GetXEstadoPedidoTest" classname="Tests.Unit.pedido.GetXEstadoPedidoTest" file="C:\laragon\www\sigepe\tests\Unit\pedido\GetXEstadoPedidoTest.php" line="29" assertions="1" time="0.036924"/>
        <testcase name="testPedidoIsEsperaInsumos" class="Tests\Unit\pedido\GetXEstadoPedidoTest" classname="Tests.Unit.pedido.GetXEstadoPedidoTest" file="C:\laragon\www\sigepe\tests\Unit\pedido\GetXEstadoPedidoTest.php" line="41" assertions="1" time="0.026880"/>
        <testcase name="testPedidoIsEjecucion" class="Tests\Unit\pedido\GetXEstadoPedidoTest" classname="Tests.Unit.pedido.GetXEstadoPedidoTest" file="C:\laragon\www\sigepe\tests\Unit\pedido\GetXEstadoPedidoTest.php" line="53" assertions="1" time="0.029643"/>
        <testcase name="testPedidoIsTerminado" class="Tests\Unit\pedido\GetXEstadoPedidoTest" classname="Tests.Unit.pedido.GetXEstadoPedidoTest" file="C:\laragon\www\sigepe\tests\Unit\pedido\GetXEstadoPedidoTest.php" line="65" assertions="1" time="0.029754"/>
      </testsuite>
      <testsuite name="Tests\Unit\producto\GetUnidadMedidaProductoTest" file="C:\laragon\www\sigepe\tests\Unit\producto\GetUnidadMedidaProductoTest.php" tests="2" assertions="2" errors="0" failures="0" skipped="0" time="0.386927">
        <testcase name="testGetUnidadMedidaProductoIsPulgadas" class="Tests\Unit\producto\GetUnidadMedidaProductoTest" classname="Tests.Unit.producto.GetUnidadMedidaProductoTest" file="C:\laragon\www\sigepe\tests\Unit\producto\GetUnidadMedidaProductoTest.php" line="21" assertions="1" time="0.266088"/>
        <testcase name="testGetUnidadMedidaProductoIsMetros" class="Tests\Unit\producto\GetUnidadMedidaProductoTest" classname="Tests.Unit.producto.GetUnidadMedidaProductoTest" file="C:\laragon\www\sigepe\tests\Unit\producto\GetUnidadMedidaProductoTest.php" line="34" assertions="1" time="0.120839"/>
      </testsuite>
    </testsuite>
    <testsuite name="Feature" tests="34" assertions="96" errors="2" failures="7" skipped="0" time="5.258017">
      <testsuite name="Tests\Feature\UserCanComprarInsumosTest" file="C:\laragon\www\sigepe\tests\Feature\UserCanComprarInsumosTest.php" tests="4" assertions="15" errors="0" failures="0" skipped="0" time="0.950200">
        <testcase name="testUseCanSeeSolicitudesCompraInsumos" class="Tests\Feature\UserCanComprarInsumosTest" classname="Tests.Feature.UserCanComprarInsumosTest" file="C:\laragon\www\sigepe\tests\Feature\UserCanComprarInsumosTest.php" line="22" assertions="3" time="0.236837"/>
        <testcase name="testUseCanRejectSolicitud" class="Tests\Feature\UserCanComprarInsumosTest" classname="Tests.Feature.UserCanComprarInsumosTest" file="C:\laragon\www\sigepe\tests\Feature\UserCanComprarInsumosTest.php" line="36" assertions="4" time="0.292217"/>
        <testcase name="testUseCanApproveSolicitud" class="Tests\Feature\UserCanComprarInsumosTest" classname="Tests.Feature.UserCanComprarInsumosTest" file="C:\laragon\www\sigepe\tests\Feature\UserCanComprarInsumosTest.php" line="55" assertions="4" time="0.300804"/>
        <testcase name="testUseCanRegisterCompra" class="Tests\Feature\UserCanComprarInsumosTest" classname="Tests.Feature.UserCanComprarInsumosTest" file="C:\laragon\www\sigepe\tests\Feature\UserCanComprarInsumosTest.php" line="74" assertions="4" time="0.120342"/>
      </testsuite>
      <testsuite name="Tests\Feature\UserCanMainteinCategoryTest" file="C:\laragon\www\sigepe\tests\Feature\UserCanManteinCategoryTest.php" tests="6" assertions="21" errors="0" failures="0" skipped="0" time="0.999433">
        <testcase name="UserLoadsCategoryList" class="Tests\Feature\UserCanMainteinCategoryTest" classname="Tests.Feature.UserCanMainteinCategoryTest" file="C:\laragon\www\sigepe\tests\Feature\UserCanManteinCategoryTest.php" line="24" assertions="3" time="0.095454"/>
        <testcase name="UserCanCreateCategory" class="Tests\Feature\UserCanMainteinCategoryTest" classname="Tests.Feature.UserCanMainteinCategoryTest" file="C:\laragon\www\sigepe\tests\Feature\UserCanManteinCategoryTest.php" line="39" assertions="4" time="0.123431"/>
        <testcase name="UserCanEditCategory" class="Tests\Feature\UserCanMainteinCategoryTest" classname="Tests.Feature.UserCanMainteinCategoryTest" file="C:\laragon\www\sigepe\tests\Feature\UserCanManteinCategoryTest.php" line="54" assertions="2" time="0.104297"/>
        <testcase name="UserCanUpdateCategory" class="Tests\Feature\UserCanMainteinCategoryTest" classname="Tests.Feature.UserCanMainteinCategoryTest" file="C:\laragon\www\sigepe\tests\Feature\UserCanManteinCategoryTest.php" line="70" assertions="4" time="0.221268"/>
        <testcase name="UserCantDeleteCategoryWithProducts" class="Tests\Feature\UserCanMainteinCategoryTest" classname="Tests.Feature.UserCanMainteinCategoryTest" file="C:\laragon\www\sigepe\tests\Feature\UserCanManteinCategoryTest.php" line="87" assertions="4" time="0.076399"/>
        <testcase name="UserCanDeleteCategory" class="Tests\Feature\UserCanMainteinCategoryTest" classname="Tests.Feature.UserCanMainteinCategoryTest" file="C:\laragon\www\sigepe\tests\Feature\UserCanManteinCategoryTest.php" line="102" assertions="4" time="0.378584"/>
      </testsuite>
      <testsuite name="Tests\Feature\UserCanManteinPedidoTest" file="C:\laragon\www\sigepe\tests\Feature\UserCanManteinPedidoTest.php" tests="5" assertions="7" errors="2" failures="1" skipped="0" time="0.594083">
        <testcase name="UserLoadsOrderList" class="Tests\Feature\UserCanManteinPedidoTest" classname="Tests.Feature.UserCanManteinPedidoTest" file="C:\laragon\www\sigepe\tests\Feature\UserCanManteinPedidoTest.php" line="25" assertions="3" time="0.226900"/>
        <testcase name="UserCanCreateOrder" class="Tests\Feature\UserCanManteinPedidoTest" classname="Tests.Feature.UserCanManteinPedidoTest" file="C:\laragon\www\sigepe\tests\Feature\UserCanManteinPedidoTest.php" line="41" assertions="1" time="0.154488">
          <failure type="PHPUnit\Framework\ExpectationFailedException">Tests\Feature\UserCanManteinPedidoTest::UserCanCreateOrder
Failed asserting that null matches expected 'Pedido creado con exito'.

C:\laragon\www\sigepe\vendor\laravel\framework\src\Illuminate\Foundation\Testing\TestResponse.php:897
C:\laragon\www\sigepe\tests\Feature\UserCanManteinPedidoTest.php:45
</failure>
        </testcase>
        <testcase name="UserCanEditOrder" class="Tests\Feature\UserCanManteinPedidoTest" classname="Tests.Feature.UserCanManteinPedidoTest" file="C:\laragon\www\sigepe\tests\Feature\UserCanManteinPedidoTest.php" line="56" assertions="3" time="0.108961"/>
        <testcase name="UserCanUpdateOrder" class="Tests\Feature\UserCanManteinPedidoTest" classname="Tests.Feature.UserCanManteinPedidoTest" file="C:\laragon\www\sigepe\tests\Feature\UserCanManteinPedidoTest.php" line="72" assertions="0" time="0.070931">
          <error type="ErrorException">Tests\Feature\UserCanManteinPedidoTest::UserCanUpdateOrder
ErrorException: Trying to get property 'id' of non-object

C:\laragon\www\sigepe\tests\Feature\UserCanManteinPedidoTest.php:76
</error>
        </testcase>
        <testcase name="UserCantDeleteOrder" class="Tests\Feature\UserCanManteinPedidoTest" classname="Tests.Feature.UserCanManteinPedidoTest" file="C:\laragon\www\sigepe\tests\Feature\UserCanManteinPedidoTest.php" line="88" assertions="0" time="0.032803">
          <error type="ErrorException">Tests\Feature\UserCanManteinPedidoTest::UserCantDeleteOrder
ErrorException: Trying to get property 'id' of non-object

C:\laragon\www\sigepe\tests\Feature\UserCanManteinPedidoTest.php:93
</error>
        </testcase>
      </testsuite>
      <testsuite name="Tests\Feature\UserCanManteinProductoTest" file="C:\laragon\www\sigepe\tests\Feature\UserCanManteinProductoTest.php" tests="5" assertions="12" errors="0" failures="3" skipped="0" time="0.424094">
        <testcase name="UserLoadsProducList" class="Tests\Feature\UserCanManteinProductoTest" classname="Tests.Feature.UserCanManteinProductoTest" file="C:\laragon\www\sigepe\tests\Feature\UserCanManteinProductoTest.php" line="25" assertions="3" time="0.100681"/>
        <testcase name="UserCanCreateProduct" class="Tests\Feature\UserCanManteinProductoTest" classname="Tests.Feature.UserCanManteinProductoTest" file="C:\laragon\www\sigepe\tests\Feature\UserCanManteinProductoTest.php" line="41" assertions="1" time="0.070079">
          <failure type="PHPUnit\Framework\ExpectationFailedException">Tests\Feature\UserCanManteinProductoTest::UserCanCreateProduct
Failed asserting that null matches expected 'Producto creado con exito'.

C:\laragon\www\sigepe\vendor\laravel\framework\src\Illuminate\Foundation\Testing\TestResponse.php:897
C:\laragon\www\sigepe\tests\Feature\UserCanManteinProductoTest.php:45
</failure>
        </testcase>
        <testcase name="UserCanEditProduct" class="Tests\Feature\UserCanManteinProductoTest" classname="Tests.Feature.UserCanManteinProductoTest" file="C:\laragon\www\sigepe\tests\Feature\UserCanManteinProductoTest.php" line="57" assertions="6" time="0.100445"/>
        <testcase name="UserCanUpdateProduct" class="Tests\Feature\UserCanManteinProductoTest" classname="Tests.Feature.UserCanManteinProductoTest" file="C:\laragon\www\sigepe\tests\Feature\UserCanManteinProductoTest.php" line="73" assertions="1" time="0.078865">
          <failure type="PHPUnit\Framework\ExpectationFailedException">Tests\Feature\UserCanManteinProductoTest::UserCanUpdateProduct
Failed asserting that null matches expected 'Producto editado con exito'.

C:\laragon\www\sigepe\vendor\laravel\framework\src\Illuminate\Foundation\Testing\TestResponse.php:897
C:\laragon\www\sigepe\tests\Feature\UserCanManteinProductoTest.php:78
</failure>
        </testcase>
        <testcase name="UserCanDeleteProduct" class="Tests\Feature\UserCanManteinProductoTest" classname="Tests.Feature.UserCanManteinProductoTest" file="C:\laragon\www\sigepe\tests\Feature\UserCanManteinProductoTest.php" line="89" assertions="1" time="0.074024">
          <failure type="PHPUnit\Framework\ExpectationFailedException">Tests\Feature\UserCanManteinProductoTest::UserCanDeleteProduct
Failed asserting that two strings are equal.
--- Expected
+++ Actual
@@ @@
-'Producto eliminado con exito'
+'Existe un pedido asociado'

C:\laragon\www\sigepe\vendor\laravel\framework\src\Illuminate\Foundation\Testing\TestResponse.php:897
C:\laragon\www\sigepe\tests\Feature\UserCanManteinProductoTest.php:94
</failure>
        </testcase>
      </testsuite>
      <testsuite name="Tests\Feature\UserCanManteinProveedorTest" file="C:\laragon\www\sigepe\tests\Feature\UserCanManteinProveedorTest.php" tests="6" assertions="12" errors="0" failures="3" skipped="0" time="0.482152">
        <testcase name="UserLoadsProviderList" class="Tests\Feature\UserCanManteinProveedorTest" classname="Tests.Feature.UserCanManteinProveedorTest" file="C:\laragon\www\sigepe\tests\Feature\UserCanManteinProveedorTest.php" line="24" assertions="3" time="0.092088"/>
        <testcase name="UserCanCreateProvider" class="Tests\Feature\UserCanManteinProveedorTest" classname="Tests.Feature.UserCanManteinProveedorTest" file="C:\laragon\www\sigepe\tests\Feature\UserCanManteinProveedorTest.php" line="39" assertions="1" time="0.103588">
          <failure type="PHPUnit\Framework\ExpectationFailedException">Tests\Feature\UserCanManteinProveedorTest::UserCanCreateProvider
Failed asserting that null matches expected 'Proveedor creado con exito'.

C:\laragon\www\sigepe\vendor\laravel\framework\src\Illuminate\Foundation\Testing\TestResponse.php:897
C:\laragon\www\sigepe\tests\Feature\UserCanManteinProveedorTest.php:43
</failure>
        </testcase>
        <testcase name="UserCanEditProvider" class="Tests\Feature\UserCanManteinProveedorTest" classname="Tests.Feature.UserCanManteinProveedorTest" file="C:\laragon\www\sigepe\tests\Feature\UserCanManteinProveedorTest.php" line="54" assertions="2" time="0.045495"/>
        <testcase name="UserCanUpdateProvider" class="Tests\Feature\UserCanManteinProveedorTest" classname="Tests.Feature.UserCanManteinProveedorTest" file="C:\laragon\www\sigepe\tests\Feature\UserCanManteinProveedorTest.php" line="71" assertions="1" time="0.099489">
          <failure type="PHPUnit\Framework\ExpectationFailedException">Tests\Feature\UserCanManteinProveedorTest::UserCanUpdateProvider
Failed asserting that null matches expected 'Proveedor editado con exito'.

C:\laragon\www\sigepe\vendor\laravel\framework\src\Illuminate\Foundation\Testing\TestResponse.php:897
C:\laragon\www\sigepe\tests\Feature\UserCanManteinProveedorTest.php:76
</failure>
        </testcase>
        <testcase name="UserCantDeleteProviderWithSupplies" class="Tests\Feature\UserCanManteinProveedorTest" classname="Tests.Feature.UserCanManteinProveedorTest" file="C:\laragon\www\sigepe\tests\Feature\UserCanManteinProveedorTest.php" line="87" assertions="4" time="0.068448"/>
        <testcase name="UserCantDeleteProvider" class="Tests\Feature\UserCanManteinProveedorTest" classname="Tests.Feature.UserCanManteinProveedorTest" file="C:\laragon\www\sigepe\tests\Feature\UserCanManteinProveedorTest.php" line="102" assertions="1" time="0.073044">
          <failure type="PHPUnit\Framework\ExpectationFailedException">Tests\Feature\UserCanManteinProveedorTest::UserCantDeleteProvider
Failed asserting that two strings are equal.
--- Expected
+++ Actual
@@ @@
-'Proveedor borrado con exito'
+'Elimine los insumos asociados al proveedor primero'

C:\laragon\www\sigepe\vendor\laravel\framework\src\Illuminate\Foundation\Testing\TestResponse.php:897
C:\laragon\www\sigepe\tests\Feature\UserCanManteinProveedorTest.php:107
</failure>
        </testcase>
      </testsuite>
      <testsuite name="Tests\Feature\UserCanRevisarPedidoTest" file="C:\laragon\www\sigepe\tests\Feature\UserCanRevisarPedidoTest.php" tests="3" assertions="11" errors="0" failures="0" skipped="0" time="0.721529">
        <testcase name="testUserCanSeeEvaluarPedidos" class="Tests\Feature\UserCanRevisarPedidoTest" classname="Tests.Feature.UserCanRevisarPedidoTest" file="C:\laragon\www\sigepe\tests\Feature\UserCanRevisarPedidoTest.php" line="23" assertions="3" time="0.118537"/>
        <testcase name="testUserCanApprovePedido" class="Tests\Feature\UserCanRevisarPedidoTest" classname="Tests.Feature.UserCanRevisarPedidoTest" file="C:\laragon\www\sigepe\tests\Feature\UserCanRevisarPedidoTest.php" line="36" assertions="4" time="0.336690"/>
        <testcase name="testUserCanRejectPedido" class="Tests\Feature\UserCanRevisarPedidoTest" classname="Tests.Feature.UserCanRevisarPedidoTest" file="C:\laragon\www\sigepe\tests\Feature\UserCanRevisarPedidoTest.php" line="51" assertions="4" time="0.266302"/>
      </testsuite>
      <testsuite name="Tests\Feature\UserCanSeeDashBoardTest" file="C:\laragon\www\sigepe\tests\Feature\UserCanSeeDashBoardTest.php" tests="1" assertions="3" errors="0" failures="0" skipped="0" time="0.107877">
        <testcase name="testUserCanSeeDashBoard" class="Tests\Feature\UserCanSeeDashBoardTest" classname="Tests.Feature.UserCanSeeDashBoardTest" file="C:\laragon\www\sigepe\tests\Feature\UserCanSeeDashBoardTest.php" line="17" assertions="3" time="0.107877"/>
      </testsuite>
      <testsuite name="Tests\Feature\UserCanSeguirPedidoTest" file="C:\laragon\www\sigepe\tests\Feature\UserCanSeguirPedidoTest.php" tests="4" assertions="15" errors="0" failures="0" skipped="0" time="0.978649">
        <testcase name="testUserCanSeeEvaluarPedidos" class="Tests\Feature\UserCanSeguirPedidoTest" classname="Tests.Feature.UserCanSeguirPedidoTest" file="C:\laragon\www\sigepe\tests\Feature\UserCanSeguirPedidoTest.php" line="23" assertions="3" time="0.100321"/>
        <testcase name="testUserCanApprovePedido" class="Tests\Feature\UserCanSeguirPedidoTest" classname="Tests.Feature.UserCanSeguirPedidoTest" file="C:\laragon\www\sigepe\tests\Feature\UserCanSeguirPedidoTest.php" line="36" assertions="4" time="0.301353"/>
        <testcase name="testUserCanExecutePedido" class="Tests\Feature\UserCanSeguirPedidoTest" classname="Tests.Feature.UserCanSeguirPedidoTest" file="C:\laragon\www\sigepe\tests\Feature\UserCanSeguirPedidoTest.php" line="51" assertions="4" time="0.312077"/>
        <testcase name="testUserCanFinishPedido" class="Tests\Feature\UserCanSeguirPedidoTest" classname="Tests.Feature.UserCanSeguirPedidoTest" file="C:\laragon\www\sigepe\tests\Feature\UserCanSeguirPedidoTest.php" line="66" assertions="4" time="0.264898"/>
      </testsuite>
    </testsuite>
  </testsuite>
</testsuites>
